<?xml version="1.0" encoding="UTF-8"?>
<!-- Generated by org.testng.reporters.JUnitXMLReporter -->
<testsuite ignored="6" hostname="DESKTOP-UTCKGIS" failures="0" tests="11" name="Kiem thu giao dien MiniShop" time="47.549" errors="0" timestamp="2026-08-22T00:21:15 ICT">
  <testcase classname="vn.edu.ktpm.minishop.web.tests.LoginTest" name="tcWeb001_loginWithValidAccount" time="0.35"/>
  <testcase classname="vn.edu.ktpm.minishop.web.tests.LoginTest" name="tcWeb002_invalidLogin" time="0.2"/>
  <testcase classname="vn.edu.ktpm.minishop.web.tests.LoginTest" name="tcWeb002_invalidLogin" time="0.176"/>
  <testcase classname="vn.edu.ktpm.minishop.web.tests.LoginTest" name="tcWeb002_invalidLogin" time="0.209"/>
  <testcase classname="vn.edu.ktpm.minishop.web.tests.LoginTest" name="tcWeb006_logout" time="0.199"/>
  <testcase classname="vn.edu.ktpm.minishop.web.tests.CartTest" name="tcWeb010_addProductToCart" time="0.334"/>
  <testcase classname="vn.edu.ktpm.minishop.web.tests.CartTest" name="tcWeb014_removeProduct" time="0.977"/>
  <testcase classname="vn.edu.ktpm.minishop.web.tests.CartTest" name="tcWeb016_subtotalCalculation" time="0.391"/>
  <testcase classname="vn.edu.ktpm.minishop.web.tests.CheckoutTest" name="tcWeb020_placeOrderSuccessfully" time="0.551"/>
  <testcase classname="vn.edu.ktpm.minishop.web.tests.CheckoutTest" name="tcWeb021_invalidCheckoutData" time="0.481"/>
  <testcase classname="vn.edu.ktpm.minishop.web.tests.E2ETest" name="tcWeb030_vipHappyPath" time="0.706"/>
  <testcase classname="vn.edu.ktpm.minishop.web.base.BaseTest" name="@BeforeSuite startSut" time="0.0">
    <ignored/>
  </testcase> <!-- @BeforeSuite startSut -->
  <testcase classname="vn.edu.ktpm.minishop.web.base.BaseTest" name="@BeforeSuite startSut" time="0.0">
    <ignored/>
  </testcase> <!-- @BeforeSuite startSut -->
  <testcase classname="vn.edu.ktpm.minishop.web.base.BaseTest" name="@AfterSuite stopSut" time="0.0">
    <ignored/>
  </testcase> <!-- @AfterSuite stopSut -->
  <testcase classname="vn.edu.ktpm.minishop.web.base.BaseTest" name="@BeforeSuite startSut" time="0.0">
    <ignored/>
  </testcase> <!-- @BeforeSuite startSut -->
  <testcase classname="vn.edu.ktpm.minishop.web.base.BaseTest" name="@AfterSuite stopSut" time="0.0">
    <ignored/>
  </testcase> <!-- @AfterSuite stopSut -->
  <testcase classname="vn.edu.ktpm.minishop.web.base.BaseTest" name="@AfterSuite stopSut" time="0.0">
    <ignored/>
  </testcase> <!-- @AfterSuite stopSut -->
</testsuite> <!-- Kiem thu giao dien MiniShop -->
