<?xml version="1.0" encoding="UTF-8"?>
<testng-results ignored="0" total="11" passed="11" failed="0" skipped="0">
  <reporter-output>
  </reporter-output>
  <suite started-at="2026-08-22T00:20:28 ICT" name="MiniShop Web UI Suite" finished-at="2026-08-22T00:21:15 ICT" duration-ms="47549">
    <groups>
      <group name="regression">
        <method signature="CheckoutTest.tcWeb021_invalidCheckoutData(java.lang.String,java.lang.String,java.lang.String,java.lang.String,java.lang.String)[pri:2, instance:vn.edu.ktpm.minishop.web.tests.CheckoutTest@4417af13]" name="tcWeb021_invalidCheckoutData" class="vn.edu.ktpm.minishop.web.tests.CheckoutTest"/>
        <method signature="LoginTest.tcWeb002_invalidLogin(java.lang.String,java.lang.String,java.lang.String)[pri:2, instance:vn.edu.ktpm.minishop.web.tests.LoginTest@327ed9f5]" name="tcWeb002_invalidLogin" class="vn.edu.ktpm.minishop.web.tests.LoginTest"/>
        <method signature="CartTest.tcWeb014_removeProduct()[pri:5, instance:vn.edu.ktpm.minishop.web.tests.CartTest@6ae3fb94]" name="tcWeb014_removeProduct" class="vn.edu.ktpm.minishop.web.tests.CartTest"/>
      </group> <!-- regression -->
      <group name="smoke">
        <method signature="E2ETest.tcWeb030_vipHappyPath()[pri:0, instance:vn.edu.ktpm.minishop.web.tests.E2ETest@d48673]" name="tcWeb030_vipHappyPath" class="vn.edu.ktpm.minishop.web.tests.E2ETest"/>
        <method signature="CartTest.tcWeb010_addProductToCart()[pri:1, instance:vn.edu.ktpm.minishop.web.tests.CartTest@6ae3fb94]" name="tcWeb010_addProductToCart" class="vn.edu.ktpm.minishop.web.tests.CartTest"/>
        <method signature="CheckoutTest.tcWeb020_placeOrderSuccessfully()[pri:1, instance:vn.edu.ktpm.minishop.web.tests.CheckoutTest@4417af13]" name="tcWeb020_placeOrderSuccessfully" class="vn.edu.ktpm.minishop.web.tests.CheckoutTest"/>
        <method signature="LoginTest.tcWeb001_loginWithValidAccount()[pri:1, instance:vn.edu.ktpm.minishop.web.tests.LoginTest@327ed9f5]" name="tcWeb001_loginWithValidAccount" class="vn.edu.ktpm.minishop.web.tests.LoginTest"/>
        <method signature="LoginTest.tcWeb006_logout()[pri:3, instance:vn.edu.ktpm.minishop.web.tests.LoginTest@327ed9f5]" name="tcWeb006_logout" class="vn.edu.ktpm.minishop.web.tests.LoginTest"/>
        <method signature="CartTest.tcWeb016_subtotalCalculation()[pri:7, instance:vn.edu.ktpm.minishop.web.tests.CartTest@6ae3fb94]" name="tcWeb016_subtotalCalculation" class="vn.edu.ktpm.minishop.web.tests.CartTest"/>
      </group> <!-- smoke -->
    </groups>
    <test started-at="2026-08-22T00:20:28 ICT" name="Kiem thu giao dien MiniShop" finished-at="2026-08-22T00:21:15 ICT" duration-ms="47549">
      <class name="vn.edu.ktpm.minishop.web.tests.E2ETest">
        <test-method is-config="true" signature="openBrowser()[pri:0, instance:vn.edu.ktpm.minishop.web.tests.E2ETest@d48673]" started-at="2026-08-22T00:21:13 ICT" name="openBrowser" finished-at="2026-08-22T00:21:14 ICT" duration-ms="1000" status="PASS">
          <reporter-output>
          </reporter-output>
        </test-method> <!-- openBrowser -->
        <test-method signature="tcWeb030_vipHappyPath()[pri:0, instance:vn.edu.ktpm.minishop.web.tests.E2ETest@d48673]" started-at="2026-08-22T00:21:14 ICT" name="tcWeb030_vipHappyPath" description="TC-WEB-030 Khach VIP mua hang va thanh toan thanh cong" finished-at="2026-08-22T00:21:15 ICT" duration-ms="706" status="PASS">
          <reporter-output>
          </reporter-output>
        </test-method> <!-- tcWeb030_vipHappyPath -->
        <test-method is-config="true" signature="closeBrowser(org.testng.ITestResult)[pri:0, instance:vn.edu.ktpm.minishop.web.tests.E2ETest@d48673]" started-at="2026-08-22T00:21:15 ICT" name="closeBrowser" finished-at="2026-08-22T00:21:15 ICT" duration-ms="114" status="PASS">
          <params>
            <param index="0">
              <value>
                <![CDATA[[TestResult name=tcWeb030_vipHappyPath status=SUCCESS method=E2ETest.tcWeb030_vipHappyPath()[pri:0, instance:vn.edu.ktpm.minishop.web.tests.E2ETest@d48673] output={null}]]]>
              </value>
            </param>
          </params>
          <reporter-output>
          </reporter-output>
        </test-method> <!-- closeBrowser -->
      </class> <!-- vn.edu.ktpm.minishop.web.tests.E2ETest -->
      <class name="vn.edu.ktpm.minishop.web.tests.CheckoutTest">
        <test-method is-config="true" signature="openBrowser()[pri:0, instance:vn.edu.ktpm.minishop.web.tests.CheckoutTest@4417af13]" started-at="2026-08-22T00:21:10 ICT" name="openBrowser" finished-at="2026-08-22T00:21:11 ICT" duration-ms="971" status="PASS">
          <reporter-output>
          </reporter-output>
        </test-method> <!-- openBrowser -->
        <test-method signature="tcWeb020_placeOrderSuccessfully()[pri:1, instance:vn.edu.ktpm.minishop.web.tests.CheckoutTest@4417af13]" started-at="2026-08-22T00:21:11 ICT" name="tcWeb020_placeOrderSuccessfully" description="TC-WEB-020 Dat hang thanh cong voi thong tin hop le" finished-at="2026-08-22T00:21:12 ICT" duration-ms="551" status="PASS">
          <reporter-output>
          </reporter-output>
        </test-method> <!-- tcWeb020_placeOrderSuccessfully -->
        <test-method is-config="true" signature="closeBrowser(org.testng.ITestResult)[pri:0, instance:vn.edu.ktpm.minishop.web.tests.CheckoutTest@4417af13]" started-at="2026-08-22T00:21:12 ICT" name="closeBrowser" finished-at="2026-08-22T00:21:12 ICT" duration-ms="75" status="PASS">
          <params>
            <param index="0">
              <value>
                <![CDATA[[TestResult name=tcWeb020_placeOrderSuccessfully status=SUCCESS method=CheckoutTest.tcWeb020_placeOrderSuccessfully()[pri:1, instance:vn.edu.ktpm.minishop.web.tests.CheckoutTest@4417af13] output={null}]]]>
              </value>
            </param>
          </params>
          <reporter-output>
          </reporter-output>
        </test-method> <!-- closeBrowser -->
        <test-method is-config="true" signature="openBrowser()[pri:0, instance:vn.edu.ktpm.minishop.web.tests.CheckoutTest@4417af13]" started-at="2026-08-22T00:21:12 ICT" name="openBrowser" finished-at="2026-08-22T00:21:13 ICT" duration-ms="948" status="PASS">
          <reporter-output>
          </reporter-output>
        </test-method> <!-- openBrowser -->
        <test-method signature="tcWeb021_invalidCheckoutData(java.lang.String,java.lang.String,java.lang.String,java.lang.String,java.lang.String)[pri:2, instance:vn.edu.ktpm.minishop.web.tests.CheckoutTest@4417af13]" started-at="2026-08-22T00:21:13 ICT" name="tcWeb021_invalidCheckoutData" description="TC-WEB-021 Thong tin giao hang khong hop le -&gt; bao loi dung truong" data-provider="invalidCheckoutData" finished-at="2026-08-22T00:21:13 ICT" duration-ms="481" status="PASS">
          <params>
            <param index="0">
              <value>
                <![CDATA[]]>
              </value>
            </param>
            <param index="1">
              <value>
                <![CDATA[0912345678]]>
              </value>
            </param>
            <param index="2">
              <value>
                <![CDATA[12 Nguyen Trai, Q1, TP.HCM]]>
              </value>
            </param>
            <param index="3">
              <value>
                <![CDATA[fullName]]>
              </value>
            </param>
            <param index="4">
              <value>
                <![CDATA[TC-WEB-021 Thieu ho ten]]>
              </value>
            </param>
          </params>
          <reporter-output>
          </reporter-output>
        </test-method> <!-- tcWeb021_invalidCheckoutData -->
        <test-method is-config="true" signature="closeBrowser(org.testng.ITestResult)[pri:0, instance:vn.edu.ktpm.minishop.web.tests.CheckoutTest@4417af13]" started-at="2026-08-22T00:21:13 ICT" name="closeBrowser" finished-at="2026-08-22T00:21:13 ICT" duration-ms="98" status="PASS">
          <params>
            <param index="0">
              <value>
                <![CDATA[[TestResult name=tcWeb021_invalidCheckoutData status=SUCCESS method=CheckoutTest.tcWeb021_invalidCheckoutData(java.lang.String,java.lang.String,java.lang.String,java.lang.String,java.lang.String)[pri:2, instance:vn.edu.ktpm.minishop.web.tests.CheckoutTest@4417af13] output={null}]]]>
              </value>
            </param>
          </params>
          <reporter-output>
          </reporter-output>
        </test-method> <!-- closeBrowser -->
      </class> <!-- vn.edu.ktpm.minishop.web.tests.CheckoutTest -->
      <class name="vn.edu.ktpm.minishop.web.tests.CartTest">
        <test-method is-config="true" signature="openBrowser()[pri:0, instance:vn.edu.ktpm.minishop.web.tests.CartTest@6ae3fb94]" started-at="2026-08-22T00:21:04 ICT" name="openBrowser" finished-at="2026-08-22T00:21:06 ICT" duration-ms="1112" status="PASS">
          <reporter-output>
          </reporter-output>
        </test-method> <!-- openBrowser -->
        <test-method signature="tcWeb010_addProductToCart()[pri:1, instance:vn.edu.ktpm.minishop.web.tests.CartTest@6ae3fb94]" started-at="2026-08-22T00:21:06 ICT" name="tcWeb010_addProductToCart" description="TC-WEB-010 Them san pham vao gio" finished-at="2026-08-22T00:21:06 ICT" duration-ms="334" status="PASS">
          <reporter-output>
          </reporter-output>
        </test-method> <!-- tcWeb010_addProductToCart -->
        <test-method is-config="true" signature="closeBrowser(org.testng.ITestResult)[pri:0, instance:vn.edu.ktpm.minishop.web.tests.CartTest@6ae3fb94]" started-at="2026-08-22T00:21:06 ICT" name="closeBrowser" finished-at="2026-08-22T00:21:06 ICT" duration-ms="94" status="PASS">
          <params>
            <param index="0">
              <value>
                <![CDATA[[TestResult name=tcWeb010_addProductToCart status=SUCCESS method=CartTest.tcWeb010_addProductToCart()[pri:1, instance:vn.edu.ktpm.minishop.web.tests.CartTest@6ae3fb94] output={null}]]]>
              </value>
            </param>
          </params>
          <reporter-output>
          </reporter-output>
        </test-method> <!-- closeBrowser -->
        <test-method is-config="true" signature="openBrowser()[pri:0, instance:vn.edu.ktpm.minishop.web.tests.CartTest@6ae3fb94]" started-at="2026-08-22T00:21:06 ICT" name="openBrowser" finished-at="2026-08-22T00:21:07 ICT" duration-ms="1198" status="PASS">
          <reporter-output>
          </reporter-output>
        </test-method> <!-- openBrowser -->
        <test-method signature="tcWeb014_removeProduct()[pri:5, instance:vn.edu.ktpm.minishop.web.tests.CartTest@6ae3fb94]" started-at="2026-08-22T00:21:07 ICT" name="tcWeb014_removeProduct" description="TC-WEB-014 Xoa mot san pham khoi gio" finished-at="2026-08-22T00:21:08 ICT" duration-ms="977" status="PASS">
          <reporter-output>
          </reporter-output>
        </test-method> <!-- tcWeb014_removeProduct -->
        <test-method is-config="true" signature="closeBrowser(org.testng.ITestResult)[pri:0, instance:vn.edu.ktpm.minishop.web.tests.CartTest@6ae3fb94]" started-at="2026-08-22T00:21:08 ICT" name="closeBrowser" finished-at="2026-08-22T00:21:08 ICT" duration-ms="207" status="PASS">
          <params>
            <param index="0">
              <value>
                <![CDATA[[TestResult name=tcWeb014_removeProduct status=SUCCESS method=CartTest.tcWeb014_removeProduct()[pri:5, instance:vn.edu.ktpm.minishop.web.tests.CartTest@6ae3fb94] output={null}]]]>
              </value>
            </param>
          </params>
          <reporter-output>
          </reporter-output>
        </test-method> <!-- closeBrowser -->
        <test-method is-config="true" signature="openBrowser()[pri:0, instance:vn.edu.ktpm.minishop.web.tests.CartTest@6ae3fb94]" started-at="2026-08-22T00:21:08 ICT" name="openBrowser" finished-at="2026-08-22T00:21:10 ICT" duration-ms="1259" status="PASS">
          <reporter-output>
          </reporter-output>
        </test-method> <!-- openBrowser -->
        <test-method signature="tcWeb016_subtotalCalculation()[pri:7, instance:vn.edu.ktpm.minishop.web.tests.CartTest@6ae3fb94]" started-at="2026-08-22T00:21:10 ICT" name="tcWeb016_subtotalCalculation" description="TC-WEB-016 Tam tinh = tong (gia x so luong)" finished-at="2026-08-22T00:21:10 ICT" duration-ms="391" status="PASS">
          <reporter-output>
          </reporter-output>
        </test-method> <!-- tcWeb016_subtotalCalculation -->
        <test-method is-config="true" signature="closeBrowser(org.testng.ITestResult)[pri:0, instance:vn.edu.ktpm.minishop.web.tests.CartTest@6ae3fb94]" started-at="2026-08-22T00:21:10 ICT" name="closeBrowser" finished-at="2026-08-22T00:21:10 ICT" duration-ms="98" status="PASS">
          <params>
            <param index="0">
              <value>
                <![CDATA[[TestResult name=tcWeb016_subtotalCalculation status=SUCCESS method=CartTest.tcWeb016_subtotalCalculation()[pri:7, instance:vn.edu.ktpm.minishop.web.tests.CartTest@6ae3fb94] output={null}]]]>
              </value>
            </param>
          </params>
          <reporter-output>
          </reporter-output>
        </test-method> <!-- closeBrowser -->
      </class> <!-- vn.edu.ktpm.minishop.web.tests.CartTest -->
      <class name="vn.edu.ktpm.minishop.web.tests.LoginTest">
        <test-method is-config="true" signature="startSut()[pri:0, instance:vn.edu.ktpm.minishop.web.tests.LoginTest@327ed9f5]" started-at="2026-08-22T00:20:28 ICT" name="startSut" finished-at="2026-08-22T00:20:28 ICT" duration-ms="92" status="PASS">
          <reporter-output>
          </reporter-output>
        </test-method> <!-- startSut -->
        <test-method is-config="true" signature="openBrowser()[pri:0, instance:vn.edu.ktpm.minishop.web.tests.LoginTest@327ed9f5]" started-at="2026-08-22T00:20:28 ICT" name="openBrowser" finished-at="2026-08-22T00:20:59 ICT" duration-ms="31128" status="PASS">
          <reporter-output>
          </reporter-output>
        </test-method> <!-- openBrowser -->
        <test-method signature="tcWeb001_loginWithValidAccount()[pri:1, instance:vn.edu.ktpm.minishop.web.tests.LoginTest@327ed9f5]" started-at="2026-08-22T00:20:59 ICT" name="tcWeb001_loginWithValidAccount" description="TC-WEB-001 Dang nhap voi tai khoan hop le" finished-at="2026-08-22T00:20:59 ICT" duration-ms="350" status="PASS">
          <reporter-output>
          </reporter-output>
        </test-method> <!-- tcWeb001_loginWithValidAccount -->
        <test-method is-config="true" signature="closeBrowser(org.testng.ITestResult)[pri:0, instance:vn.edu.ktpm.minishop.web.tests.LoginTest@327ed9f5]" started-at="2026-08-22T00:20:59 ICT" name="closeBrowser" finished-at="2026-08-22T00:20:59 ICT" duration-ms="159" status="PASS">
          <params>
            <param index="0">
              <value>
                <![CDATA[[TestResult name=tcWeb001_loginWithValidAccount status=SUCCESS method=LoginTest.tcWeb001_loginWithValidAccount()[pri:1, instance:vn.edu.ktpm.minishop.web.tests.LoginTest@327ed9f5] output={null}]]]>
              </value>
            </param>
          </params>
          <reporter-output>
          </reporter-output>
        </test-method> <!-- closeBrowser -->
        <test-method is-config="true" signature="openBrowser()[pri:0, instance:vn.edu.ktpm.minishop.web.tests.LoginTest@327ed9f5]" started-at="2026-08-22T00:20:59 ICT" name="openBrowser" finished-at="2026-08-22T00:21:00 ICT" duration-ms="946" status="PASS">
          <reporter-output>
          </reporter-output>
        </test-method> <!-- openBrowser -->
        <test-method signature="tcWeb002_invalidLogin(java.lang.String,java.lang.String,java.lang.String)[pri:2, instance:vn.edu.ktpm.minishop.web.tests.LoginTest@327ed9f5]" started-at="2026-08-22T00:21:00 ICT" name="tcWeb002_invalidLogin" description="TC-WEB-002 Dang nhap khong hop le (data-driven tu CSV)" data-provider="invalidLogins" finished-at="2026-08-22T00:21:01 ICT" duration-ms="200" status="PASS">
          <params>
            <param index="0">
              <value>
                <![CDATA[standard_user]]>
              </value>
            </param>
            <param index="1">
              <value>
                <![CDATA[sai_mat_khau]]>
              </value>
            </param>
            <param index="2">
              <value>
                <![CDATA[không đúng]]>
              </value>
            </param>
          </params>
          <reporter-output>
          </reporter-output>
        </test-method> <!-- tcWeb002_invalidLogin -->
        <test-method is-config="true" signature="closeBrowser(org.testng.ITestResult)[pri:0, instance:vn.edu.ktpm.minishop.web.tests.LoginTest@327ed9f5]" started-at="2026-08-22T00:21:01 ICT" name="closeBrowser" finished-at="2026-08-22T00:21:01 ICT" duration-ms="107" status="PASS">
          <params>
            <param index="0">
              <value>
                <![CDATA[[TestResult name=tcWeb002_invalidLogin status=SUCCESS method=LoginTest.tcWeb002_invalidLogin(java.lang.String,java.lang.String,java.lang.String)[pri:2, instance:vn.edu.ktpm.minishop.web.tests.LoginTest@327ed9f5] output={null}]]]>
              </value>
            </param>
          </params>
          <reporter-output>
          </reporter-output>
        </test-method> <!-- closeBrowser -->
        <test-method is-config="true" signature="openBrowser()[pri:0, instance:vn.edu.ktpm.minishop.web.tests.LoginTest@327ed9f5]" started-at="2026-08-22T00:21:01 ICT" name="openBrowser" finished-at="2026-08-22T00:21:02 ICT" duration-ms="933" status="PASS">
          <reporter-output>
          </reporter-output>
        </test-method> <!-- openBrowser -->
        <test-method signature="tcWeb002_invalidLogin(java.lang.String,java.lang.String,java.lang.String)[pri:2, instance:vn.edu.ktpm.minishop.web.tests.LoginTest@327ed9f5]" started-at="2026-08-22T00:21:02 ICT" name="tcWeb002_invalidLogin" description="TC-WEB-002 Dang nhap khong hop le (data-driven tu CSV)" data-provider="invalidLogins" finished-at="2026-08-22T00:21:02 ICT" duration-ms="176" status="PASS">
          <params>
            <param index="0">
              <value>
                <![CDATA[]]>
              </value>
            </param>
            <param index="1">
              <value>
                <![CDATA[secret_sauce]]>
              </value>
            </param>
            <param index="2">
              <value>
                <![CDATA[Vui lòng nhập]]>
              </value>
            </param>
          </params>
          <reporter-output>
          </reporter-output>
        </test-method> <!-- tcWeb002_invalidLogin -->
        <test-method is-config="true" signature="closeBrowser(org.testng.ITestResult)[pri:0, instance:vn.edu.ktpm.minishop.web.tests.LoginTest@327ed9f5]" started-at="2026-08-22T00:21:02 ICT" name="closeBrowser" finished-at="2026-08-22T00:21:02 ICT" duration-ms="108" status="PASS">
          <params>
            <param index="0">
              <value>
                <![CDATA[[TestResult name=tcWeb002_invalidLogin status=SUCCESS method=LoginTest.tcWeb002_invalidLogin(java.lang.String,java.lang.String,java.lang.String)[pri:2, instance:vn.edu.ktpm.minishop.web.tests.LoginTest@327ed9f5] output={null}]]]>
              </value>
            </param>
          </params>
          <reporter-output>
          </reporter-output>
        </test-method> <!-- closeBrowser -->
        <test-method is-config="true" signature="openBrowser()[pri:0, instance:vn.edu.ktpm.minishop.web.tests.LoginTest@327ed9f5]" started-at="2026-08-22T00:21:02 ICT" name="openBrowser" finished-at="2026-08-22T00:21:03 ICT" duration-ms="925" status="PASS">
          <reporter-output>
          </reporter-output>
        </test-method> <!-- openBrowser -->
        <test-method signature="tcWeb002_invalidLogin(java.lang.String,java.lang.String,java.lang.String)[pri:2, instance:vn.edu.ktpm.minishop.web.tests.LoginTest@327ed9f5]" started-at="2026-08-22T00:21:03 ICT" name="tcWeb002_invalidLogin" description="TC-WEB-002 Dang nhap khong hop le (data-driven tu CSV)" data-provider="invalidLogins" finished-at="2026-08-22T00:21:03 ICT" duration-ms="209" status="PASS">
          <params>
            <param index="0">
              <value>
                <![CDATA[locked_user]]>
              </value>
            </param>
            <param index="1">
              <value>
                <![CDATA[secret_sauce]]>
              </value>
            </param>
            <param index="2">
              <value>
                <![CDATA[quản trị viên]]>
              </value>
            </param>
          </params>
          <reporter-output>
          </reporter-output>
        </test-method> <!-- tcWeb002_invalidLogin -->
        <test-method is-config="true" signature="closeBrowser(org.testng.ITestResult)[pri:0, instance:vn.edu.ktpm.minishop.web.tests.LoginTest@327ed9f5]" started-at="2026-08-22T00:21:03 ICT" name="closeBrowser" finished-at="2026-08-22T00:21:03 ICT" duration-ms="92" status="PASS">
          <params>
            <param index="0">
              <value>
                <![CDATA[[TestResult name=tcWeb002_invalidLogin status=SUCCESS method=LoginTest.tcWeb002_invalidLogin(java.lang.String,java.lang.String,java.lang.String)[pri:2, instance:vn.edu.ktpm.minishop.web.tests.LoginTest@327ed9f5] output={null}]]]>
              </value>
            </param>
          </params>
          <reporter-output>
          </reporter-output>
        </test-method> <!-- closeBrowser -->
        <test-method is-config="true" signature="openBrowser()[pri:0, instance:vn.edu.ktpm.minishop.web.tests.LoginTest@327ed9f5]" started-at="2026-08-22T00:21:03 ICT" name="openBrowser" finished-at="2026-08-22T00:21:04 ICT" duration-ms="1090" status="PASS">
          <reporter-output>
          </reporter-output>
        </test-method> <!-- openBrowser -->
        <test-method signature="tcWeb006_logout()[pri:3, instance:vn.edu.ktpm.minishop.web.tests.LoginTest@327ed9f5]" started-at="2026-08-22T00:21:04 ICT" name="tcWeb006_logout" description="TC-WEB-006 Dang xuat quay ve trang dang nhap" finished-at="2026-08-22T00:21:04 ICT" duration-ms="199" status="PASS">
          <reporter-output>
          </reporter-output>
        </test-method> <!-- tcWeb006_logout -->
        <test-method is-config="true" signature="closeBrowser(org.testng.ITestResult)[pri:0, instance:vn.edu.ktpm.minishop.web.tests.LoginTest@327ed9f5]" started-at="2026-08-22T00:21:04 ICT" name="closeBrowser" finished-at="2026-08-22T00:21:04 ICT" duration-ms="73" status="PASS">
          <params>
            <param index="0">
              <value>
                <![CDATA[[TestResult name=tcWeb006_logout status=SUCCESS method=LoginTest.tcWeb006_logout()[pri:3, instance:vn.edu.ktpm.minishop.web.tests.LoginTest@327ed9f5] output={null}]]]>
              </value>
            </param>
          </params>
          <reporter-output>
          </reporter-output>
        </test-method> <!-- closeBrowser -->
        <test-method is-config="true" signature="stopSut()[pri:0, instance:vn.edu.ktpm.minishop.web.tests.LoginTest@327ed9f5]" started-at="2026-08-22T00:21:15 ICT" name="stopSut" finished-at="2026-08-22T00:21:15 ICT" duration-ms="0" status="PASS">
          <reporter-output>
          </reporter-output>
        </test-method> <!-- stopSut -->
      </class> <!-- vn.edu.ktpm.minishop.web.tests.LoginTest -->
    </test> <!-- Kiem thu giao dien MiniShop -->
  </suite> <!-- MiniShop Web UI Suite -->
</testng-results>
