<?xml version="1.0" encoding="UTF-8"?>
<!-- Generated by org.testng.reporters.JUnitReportReporter -->
<testsuite hostname="DESKTOP-UTCKGIS" failures="0" tests="3" name="vn.edu.ktpm.minishop.web.tests.CartTest" time="5.670" errors="0" timestamp="2026-08-22T00:21:15 ICT" skipped="0">
  <testcase classname="vn.edu.ktpm.minishop.web.tests.CartTest" name="tcWeb010_addProductToCart" time="1.691"/>
  <testcase classname="vn.edu.ktpm.minishop.web.tests.CartTest" name="tcWeb014_removeProduct" time="2.296"/>
  <testcase classname="vn.edu.ktpm.minishop.web.tests.CartTest" name="tcWeb016_subtotalCalculation" time="1.683"/>
</testsuite> <!-- vn.edu.ktpm.minishop.web.tests.CartTest -->
