<?xml version="1.0" encoding="UTF-8"?>
<!-- Generated by org.testng.reporters.JUnitReportReporter -->
<testsuite hostname="DESKTOP-UTCKGIS" failures="0" tests="2" name="vn.edu.ktpm.minishop.web.tests.CheckoutTest" time="3.124" errors="0" timestamp="2026-08-22T00:21:15 ICT" skipped="0">
  <testcase classname="vn.edu.ktpm.minishop.web.tests.CheckoutTest" name="tcWeb020_placeOrderSuccessfully" time="1.597"/>
  <testcase classname="vn.edu.ktpm.minishop.web.tests.CheckoutTest" name="tcWeb021_invalidCheckoutData" time="1.527"/>
</testsuite> <!-- vn.edu.ktpm.minishop.web.tests.CheckoutTest -->
