<?xml version="1.0" encoding="UTF-8"?>
<!-- Generated by org.testng.reporters.JUnitReportReporter -->
<testsuite hostname="DESKTOP-UTCKGIS" failures="0" tests="5" name="vn.edu.ktpm.minishop.web.tests.LoginTest" time="36.695" errors="0" timestamp="2026-08-22T00:21:15 ICT" skipped="0">
  <testcase classname="vn.edu.ktpm.minishop.web.tests.LoginTest" name="tcWeb001_loginWithValidAccount" time="1.532"/>
  <testcase classname="vn.edu.ktpm.minishop.web.tests.LoginTest" name="tcWeb002_invalidLogin" time="31.435"/>
  <testcase classname="vn.edu.ktpm.minishop.web.tests.LoginTest" name="tcWeb002_invalidLogin" time="1.268"/>
  <testcase classname="vn.edu.ktpm.minishop.web.tests.LoginTest" name="tcWeb002_invalidLogin" time="1.207"/>
  <testcase classname="vn.edu.ktpm.minishop.web.tests.LoginTest" name="tcWeb006_logout" time="1.253"/>
</testsuite> <!-- vn.edu.ktpm.minishop.web.tests.LoginTest -->
